Analysis & Synthesis report for DE1_SoC
Thu Apr 17 19:39:37 2025
Quartus Prime Version 17.0.0 Build 595 04/25/2017 SJ Lite Edition


---------------------
; Table of Contents ;
---------------------
  1. Legal Notice
  2. Analysis & Synthesis Summary
  3. Analysis & Synthesis Settings
  4. Parallel Compilation
  5. Analysis & Synthesis Source Files Read
  6. Analysis & Synthesis Resource Usage Summary
  7. Analysis & Synthesis Resource Utilization by Entity
  8. Registers Removed During Synthesis
  9. Removed Registers Triggering Further Register Optimizations
 10. General Register Statistics
 11. Port Connectivity Checks: "seg7:seg_dout"
 12. Port Connectivity Checks: "seg7:seg_din"
 13. Port Connectivity Checks: "seg7:seg_addr_hi"
 14. Port Connectivity Checks: "task2:memory_inst"
 15. Post-Synthesis Netlist Statistics for Top Partition
 16. Elapsed Time Per Partition
 17. Analysis & Synthesis Messages
 18. Analysis & Synthesis Suppressed Messages



----------------
; Legal Notice ;
----------------
Copyright (C) 2017  Intel Corporation. All rights reserved.
Your use of Intel Corporation's design tools, logic functions 
and other software and tools, and its AMPP partner logic 
functions, and any output files from any of the foregoing 
(including device programming or simulation files), and any 
associated documentation or information are expressly subject 
to the terms and conditions of the Intel Program License 
Subscription Agreement, the Intel Quartus Prime License Agreement,
the Intel MegaCore Function License Agreement, or other 
applicable license agreement, including, without limitation, 
that your use is for the sole purpose of programming logic 
devices manufactured by Intel and sold by Intel or its 
authorized distributors.  Please refer to the applicable 
agreement for further details.



+-------------------------------------------------------------------------------+
; Analysis & Synthesis Summary                                                  ;
+---------------------------------+---------------------------------------------+
; Analysis & Synthesis Status     ; Successful - Thu Apr 17 19:39:37 2025       ;
; Quartus Prime Version           ; 17.0.0 Build 595 04/25/2017 SJ Lite Edition ;
; Revision Name                   ; DE1_SoC                                     ;
; Top-level Entity Name           ; DE1_SoC                                     ;
; Family                          ; Cyclone V                                   ;
; Logic utilization (in ALMs)     ; N/A                                         ;
; Total registers                 ; 0                                           ;
; Total pins                      ; 102                                         ;
; Total virtual pins              ; 0                                           ;
; Total block memory bits         ; 0                                           ;
; Total DSP Blocks                ; 0                                           ;
; Total HSSI RX PCSs              ; 0                                           ;
; Total HSSI PMA RX Deserializers ; 0                                           ;
; Total HSSI TX PCSs              ; 0                                           ;
; Total HSSI PMA TX Serializers   ; 0                                           ;
; Total PLLs                      ; 0                                           ;
; Total DLLs                      ; 0                                           ;
+---------------------------------+---------------------------------------------+


+---------------------------------------------------------------------------------------------------------------------------+
; Analysis & Synthesis Settings                                                                                             ;
+---------------------------------------------------------------------------------+--------------------+--------------------+
; Option                                                                          ; Setting            ; Default Value      ;
+---------------------------------------------------------------------------------+--------------------+--------------------+
; Device                                                                          ; 5CSEMA5F31C6       ;                    ;
; Top-level entity name                                                           ; DE1_SoC            ; DE1_SoC            ;
; Family name                                                                     ; Cyclone V          ; Cyclone V          ;
; State Machine Processing                                                        ; User-Encoded       ; Auto               ;
; Use smart compilation                                                           ; Off                ; Off                ;
; Enable parallel Assembler and TimeQuest Timing Analyzer during compilation      ; On                 ; On                 ;
; Enable compact report table                                                     ; Off                ; Off                ;
; Restructure Multiplexers                                                        ; Auto               ; Auto               ;
; MLAB Add Timing Constraints For Mixed-Port Feed-Through Mode Setting Don't Care ; Off                ; Off                ;
; Create Debugging Nodes for IP Cores                                             ; Off                ; Off                ;
; Preserve fewer node names                                                       ; On                 ; On                 ;
; OpenCore Plus hardware evaluation                                               ; Enable             ; Enable             ;
; Verilog Version                                                                 ; Verilog_2001       ; Verilog_2001       ;
; VHDL Version                                                                    ; VHDL_1993          ; VHDL_1993          ;
; Safe State Machine                                                              ; Off                ; Off                ;
; Extract Verilog State Machines                                                  ; On                 ; On                 ;
; Extract VHDL State Machines                                                     ; On                 ; On                 ;
; Ignore Verilog initial constructs                                               ; Off                ; Off                ;
; Iteration limit for constant Verilog loops                                      ; 5000               ; 5000               ;
; Iteration limit for non-constant Verilog loops                                  ; 250                ; 250                ;
; Add Pass-Through Logic to Inferred RAMs                                         ; On                 ; On                 ;
; Infer RAMs from Raw Logic                                                       ; On                 ; On                 ;
; Parallel Synthesis                                                              ; On                 ; On                 ;
; DSP Block Balancing                                                             ; Auto               ; Auto               ;
; NOT Gate Push-Back                                                              ; On                 ; On                 ;
; Power-Up Don't Care                                                             ; On                 ; On                 ;
; Remove Redundant Logic Cells                                                    ; Off                ; Off                ;
; Remove Duplicate Registers                                                      ; On                 ; On                 ;
; Ignore CARRY Buffers                                                            ; Off                ; Off                ;
; Ignore CASCADE Buffers                                                          ; Off                ; Off                ;
; Ignore GLOBAL Buffers                                                           ; Off                ; Off                ;
; Ignore ROW GLOBAL Buffers                                                       ; Off                ; Off                ;
; Ignore LCELL Buffers                                                            ; Off                ; Off                ;
; Ignore SOFT Buffers                                                             ; On                 ; On                 ;
; Limit AHDL Integers to 32 Bits                                                  ; Off                ; Off                ;
; Optimization Technique                                                          ; Balanced           ; Balanced           ;
; Carry Chain Length                                                              ; 70                 ; 70                 ;
; Auto Carry Chains                                                               ; On                 ; On                 ;
; Auto Open-Drain Pins                                                            ; On                 ; On                 ;
; Perform WYSIWYG Primitive Resynthesis                                           ; Off                ; Off                ;
; Auto ROM Replacement                                                            ; On                 ; On                 ;
; Auto RAM Replacement                                                            ; On                 ; On                 ;
; Auto DSP Block Replacement                                                      ; On                 ; On                 ;
; Auto Shift Register Replacement                                                 ; Auto               ; Auto               ;
; Allow Shift Register Merging across Hierarchies                                 ; Auto               ; Auto               ;
; Auto Clock Enable Replacement                                                   ; On                 ; On                 ;
; Strict RAM Replacement                                                          ; Off                ; Off                ;
; Allow Synchronous Control Signals                                               ; On                 ; On                 ;
; Force Use of Synchronous Clear Signals                                          ; Off                ; Off                ;
; Auto Resource Sharing                                                           ; Off                ; Off                ;
; Allow Any RAM Size For Recognition                                              ; Off                ; Off                ;
; Allow Any ROM Size For Recognition                                              ; Off                ; Off                ;
; Allow Any Shift Register Size For Recognition                                   ; Off                ; Off                ;
; Use LogicLock Constraints during Resource Balancing                             ; On                 ; On                 ;
; Ignore translate_off and synthesis_off directives                               ; Off                ; Off                ;
; Timing-Driven Synthesis                                                         ; On                 ; On                 ;
; Report Parameter Settings                                                       ; On                 ; On                 ;
; Report Source Assignments                                                       ; On                 ; On                 ;
; Report Connectivity Checks                                                      ; On                 ; On                 ;
; Ignore Maximum Fan-Out Assignments                                              ; Off                ; Off                ;
; Synchronization Register Chain Length                                           ; 3                  ; 3                  ;
; PowerPlay Power Optimization During Synthesis                                   ; Normal compilation ; Normal compilation ;
; HDL message level                                                               ; Level2             ; Level2             ;
; Suppress Register Optimization Related Messages                                 ; Off                ; Off                ;
; Number of Removed Registers Reported in Synthesis Report                        ; 5000               ; 5000               ;
; Number of Swept Nodes Reported in Synthesis Report                              ; 5000               ; 5000               ;
; Number of Inverted Registers Reported in Synthesis Report                       ; 100                ; 100                ;
; Clock MUX Protection                                                            ; On                 ; On                 ;
; Auto Gated Clock Conversion                                                     ; Off                ; Off                ;
; Block Design Naming                                                             ; Auto               ; Auto               ;
; SDC constraint protection                                                       ; Off                ; Off                ;
; Synthesis Effort                                                                ; Auto               ; Auto               ;
; Shift Register Replacement - Allow Asynchronous Clear Signal                    ; On                 ; On                 ;
; Pre-Mapping Resynthesis Optimization                                            ; Off                ; Off                ;
; Analysis & Synthesis Message Level                                              ; Medium             ; Medium             ;
; Disable Register Merging Across Hierarchies                                     ; Auto               ; Auto               ;
; Resource Aware Inference For Block RAM                                          ; On                 ; On                 ;
; Automatic Parallel Synthesis                                                    ; On                 ; On                 ;
; Partial Reconfiguration Bitstream ID                                            ; Off                ; Off                ;
+---------------------------------------------------------------------------------+--------------------+--------------------+


+------------------------------------------+
; Parallel Compilation                     ;
+----------------------------+-------------+
; Processors                 ; Number      ;
+----------------------------+-------------+
; Number detected on machine ; 8           ;
; Maximum allowed            ; 4           ;
;                            ;             ;
; Average used               ; 1.00        ;
; Maximum used               ; 1           ;
;                            ;             ;
; Usage by Processor         ; % Time Used ;
;     Processor 1            ; 100.0%      ;
+----------------------------+-------------+


+--------------------------------------------------------------------------------------------------------------------------------------+
; Analysis & Synthesis Source Files Read                                                                                               ;
+----------------------------------+-----------------+------------------------------+----------------------------------------+---------+
; File Name with User-Entered Path ; Used in Netlist ; File Type                    ; File Name with Absolute Path           ; Library ;
+----------------------------------+-----------------+------------------------------+----------------------------------------+---------+
; DE1_SoC.sv                       ; yes             ; User SystemVerilog HDL File  ; C:/Users/Egghead/EE371/lab2/DE1_SoC.sv ;         ;
; seg7.sv                          ; yes             ; User SystemVerilog HDL File  ; C:/Users/Egghead/EE371/lab2/seg7.sv    ;         ;
; task2.sv                         ; yes             ; User SystemVerilog HDL File  ; C:/Users/Egghead/EE371/lab2/task2.sv   ;         ;
+----------------------------------+-----------------+------------------------------+----------------------------------------+---------+


+-----------------------------------------------------------+
; Analysis & Synthesis Resource Usage Summary               ;
+---------------------------------------------+-------------+
; Resource                                    ; Usage       ;
+---------------------------------------------+-------------+
; Estimate of Logic utilization (ALMs needed) ; 7           ;
;                                             ;             ;
; Combinational ALUT usage for logic          ; 14          ;
;     -- 7 input functions                    ; 0           ;
;     -- 6 input functions                    ; 0           ;
;     -- 5 input functions                    ; 0           ;
;     -- 4 input functions                    ; 7           ;
;     -- <=3 input functions                  ; 7           ;
;                                             ;             ;
; Dedicated logic registers                   ; 0           ;
;                                             ;             ;
; I/O pins                                    ; 102         ;
;                                             ;             ;
; Total DSP Blocks                            ; 0           ;
;                                             ;             ;
; Maximum fan-out node                        ; SW[2]~input ;
; Maximum fan-out                             ; 7           ;
; Total fan-out                               ; 205         ;
; Average fan-out                             ; 0.81        ;
+---------------------------------------------+-------------+


+----------------------------------------------------------------------------------------------------------------------------------------------------------------------------------------------+
; Analysis & Synthesis Resource Utilization by Entity                                                                                                                                          ;
+----------------------------+---------------------+---------------------------+-------------------+------------+------+--------------+---------------------------+-------------+--------------+
; Compilation Hierarchy Node ; Combinational ALUTs ; Dedicated Logic Registers ; Block Memory Bits ; DSP Blocks ; Pins ; Virtual Pins ; Full Hierarchy Name       ; Entity Name ; Library Name ;
+----------------------------+---------------------+---------------------------+-------------------+------------+------+--------------+---------------------------+-------------+--------------+
; |DE1_SoC                   ; 14 (0)              ; 0 (0)                     ; 0                 ; 0          ; 102  ; 0            ; |DE1_SoC                  ; DE1_SoC     ; work         ;
;    |seg7:seg_addr_lo|      ; 7 (7)               ; 0 (0)                     ; 0                 ; 0          ; 0    ; 0            ; |DE1_SoC|seg7:seg_addr_lo ; seg7        ; work         ;
;    |seg7:seg_din|          ; 7 (7)               ; 0 (0)                     ; 0                 ; 0          ; 0    ; 0            ; |DE1_SoC|seg7:seg_din     ; seg7        ; work         ;
+----------------------------+---------------------+---------------------------+-------------------+------------+------+--------------+---------------------------+-------------+--------------+
Note: For table entries with two numbers listed, the numbers in parentheses indicate the number of resources of the given type used by the specific entity alone. The numbers listed outside of parentheses indicate the total resources of the given type used by the specific entity and all of its sub-entities in the hierarchy.


+--------------------------------------------------------------------------------+
; Registers Removed During Synthesis                                             ;
+---------------------------------------+----------------------------------------+
; Register name                         ; Reason for Removal                     ;
+---------------------------------------+----------------------------------------+
; task2:memory_inst|dataIn_reg[0..2]    ; Stuck at GND due to stuck port data_in ;
; task2:memory_inst|address_reg[0..4]   ; Stuck at GND due to stuck port data_in ;
; task2:memory_inst|write_reg           ; Lost fanout                            ;
; Total Number of Removed Registers = 9 ;                                        ;
+---------------------------------------+----------------------------------------+


+------------------------------------------------------------------------------------------------------+
; Removed Registers Triggering Further Register Optimizations                                          ;
+---------------------------------+---------------------------+----------------------------------------+
; Register name                   ; Reason for Removal        ; Registers Removed due to This Register ;
+---------------------------------+---------------------------+----------------------------------------+
; task2:memory_inst|dataIn_reg[0] ; Stuck at GND              ; task2:memory_inst|write_reg            ;
;                                 ; due to stuck port data_in ;                                        ;
+---------------------------------+---------------------------+----------------------------------------+


+------------------------------------------------------+
; General Register Statistics                          ;
+----------------------------------------------+-------+
; Statistic                                    ; Value ;
+----------------------------------------------+-------+
; Total registers                              ; 0     ;
; Number of registers using Synchronous Clear  ; 0     ;
; Number of registers using Synchronous Load   ; 0     ;
; Number of registers using Asynchronous Clear ; 0     ;
; Number of registers using Asynchronous Load  ; 0     ;
; Number of registers using Clock Enable       ; 0     ;
; Number of registers using Preset             ; 0     ;
+----------------------------------------------+-------+


+-------------------------------------------+
; Port Connectivity Checks: "seg7:seg_dout" ;
+--------+-------+----------+---------------+
; Port   ; Type  ; Severity ; Details       ;
+--------+-------+----------+---------------+
; hex[3] ; Input ; Info     ; Stuck at GND  ;
+--------+-------+----------+---------------+


+------------------------------------------+
; Port Connectivity Checks: "seg7:seg_din" ;
+--------+-------+----------+--------------+
; Port   ; Type  ; Severity ; Details      ;
+--------+-------+----------+--------------+
; hex[3] ; Input ; Info     ; Stuck at GND ;
+--------+-------+----------+--------------+


+----------------------------------------------+
; Port Connectivity Checks: "seg7:seg_addr_hi" ;
+-----------+-------+----------+---------------+
; Port      ; Type  ; Severity ; Details       ;
+-----------+-------+----------+---------------+
; hex[3..1] ; Input ; Info     ; Stuck at GND  ;
+-----------+-------+----------+---------------+


+-----------------------------------------------+
; Port Connectivity Checks: "task2:memory_inst" ;
+-------+-------+----------+--------------------+
; Port  ; Type  ; Severity ; Details            ;
+-------+-------+----------+--------------------+
; reset ; Input ; Info     ; Stuck at VCC       ;
+-------+-------+----------+--------------------+


+-----------------------------------------------------+
; Post-Synthesis Netlist Statistics for Top Partition ;
+-----------------------+-----------------------------+
; Type                  ; Count                       ;
+-----------------------+-----------------------------+
; arriav_io_obuf        ; 36                          ;
; arriav_lcell_comb     ; 17                          ;
;     normal            ; 17                          ;
;         0 data inputs ; 2                           ;
;         1 data inputs ; 1                           ;
;         3 data inputs ; 7                           ;
;         4 data inputs ; 7                           ;
; boundary_port         ; 102                         ;
;                       ;                             ;
; Max LUT depth         ; 2.00                        ;
; Average LUT depth     ; 0.46                        ;
+-----------------------+-----------------------------+


+-------------------------------+
; Elapsed Time Per Partition    ;
+----------------+--------------+
; Partition Name ; Elapsed Time ;
+----------------+--------------+
; Top            ; 00:00:00     ;
+----------------+--------------+


+-------------------------------+
; Analysis & Synthesis Messages ;
+-------------------------------+
Info: *******************************************************************
Info: Running Quartus Prime Analysis & Synthesis
    Info: Version 17.0.0 Build 595 04/25/2017 SJ Lite Edition
    Info: Processing started: Thu Apr 17 19:39:24 2025
Info: Command: quartus_map --read_settings_files=on --write_settings_files=off DE1_SoC -c DE1_SoC
Info (20030): Parallel compilation is enabled and will use 4 of the 4 processors detected
Info (12021): Found 1 design units, including 1 entities, in source file fulladder_tb.sv
    Info (12023): Found entity 1: fullAdder_tb File: C:/Users/Egghead/EE371/lab2/fullAdder_tb.sv Line: 2
Info (12021): Found 1 design units, including 1 entities, in source file fulladder.sv
    Info (12023): Found entity 1: fullAdder File: C:/Users/Egghead/EE371/lab2/fullAdder.sv Line: 12
Info (12021): Found 1 design units, including 1 entities, in source file de1_soc_tb.sv
    Info (12023): Found entity 1: DE1_SoC_tb File: C:/Users/Egghead/EE371/lab2/DE1_SoC_tb.sv Line: 3
Info (12021): Found 1 design units, including 1 entities, in source file de1_soc.sv
    Info (12023): Found entity 1: DE1_SoC File: C:/Users/Egghead/EE371/lab2/DE1_SoC.sv Line: 13
Info (12021): Found 1 design units, including 1 entities, in source file ram32x3.v
    Info (12023): Found entity 1: ram32x3 File: C:/Users/Egghead/EE371/lab2/ram32x3.v Line: 40
Info (12021): Found 1 design units, including 1 entities, in source file task1.sv
    Info (12023): Found entity 1: task1 File: C:/Users/Egghead/EE371/lab2/task1.sv Line: 2
Warning (12018): Entity "DFF" will be ignored because it conflicts with Quartus Prime primitive name File: C:/Users/Egghead/EE371/lab2/dff.sv Line: 2
Info (12021): Found 1 design units, including 1 entities, in source file dff.sv
Info (12021): Found 1 design units, including 1 entities, in source file seg7.sv
    Info (12023): Found entity 1: seg7 File: C:/Users/Egghead/EE371/lab2/seg7.sv Line: 10
Info (12021): Found 1 design units, including 1 entities, in source file task1_tb.sv
    Info (12023): Found entity 1: task1_tb File: C:/Users/Egghead/EE371/lab2/task1_tb.sv Line: 3
Info (12021): Found 1 design units, including 1 entities, in source file task2.sv
    Info (12023): Found entity 1: task2 File: C:/Users/Egghead/EE371/lab2/task2.sv Line: 3
Info (12021): Found 1 design units, including 1 entities, in source file ram32x3port2.v
    Info (12023): Found entity 1: ram32x3port2 File: C:/Users/Egghead/EE371/lab2/ram32x3port2.v Line: 40
Info (12127): Elaborating entity "DE1_SoC" for the top level hierarchy
Info (12128): Elaborating entity "task2" for hierarchy "task2:memory_inst" File: C:/Users/Egghead/EE371/lab2/DE1_SoC.sv Line: 35
Info (12128): Elaborating entity "seg7" for hierarchy "seg7:seg_addr_hi" File: C:/Users/Egghead/EE371/lab2/DE1_SoC.sv Line: 38
Info (286030): Timing-Driven Synthesis is running
Info (17049): 1 registers lost all their fanouts during netlist optimizations.
Info (144001): Generated suppressed messages file C:/Users/Egghead/EE371/lab2/output_files/DE1_SoC.map.smsg
Info (16010): Generating hard_block partition "hard_block:auto_generated_inst"
    Info (16011): Adding 0 node(s), including 0 DDIO, 0 PLL, 0 transceiver and 0 LCELL
Info (21057): Implemented 116 device resources after synthesis - the final resource count might be different
    Info (21058): Implemented 14 input pins
    Info (21059): Implemented 52 output pins
    Info (21060): Implemented 36 bidirectional pins
    Info (21061): Implemented 14 logic cells
Info: Quartus Prime Analysis & Synthesis was successful. 0 errors, 1 warning
    Info: Peak virtual memory: 4819 megabytes
    Info: Processing ended: Thu Apr 17 19:39:37 2025
    Info: Elapsed time: 00:00:13
    Info: Total CPU time (on all processors): 00:00:27


+------------------------------------------+
; Analysis & Synthesis Suppressed Messages ;
+------------------------------------------+
The suppressed messages can be found in C:/Users/Egghead/EE371/lab2/output_files/DE1_SoC.map.smsg.


