Analysis & Synthesis report for DE1_SoC
Wed Apr 16 15:47:34 2025
Quartus Prime Version 17.0.0 Build 595 04/25/2017 SJ Lite Edition


---------------------
; Table of Contents ;
---------------------
  1. Legal Notice
  2. Analysis & Synthesis Summary
  3. Analysis & Synthesis Settings
  4. Parallel Compilation
  5. Analysis & Synthesis Source Files Read
  6. Analysis & Synthesis Resource Usage Summary
  7. Analysis & Synthesis Resource Utilization by Entity
  8. Analysis & Synthesis RAM Summary
  9. General Register Statistics
 10. Registers Packed Into Inferred Megafunctions
 11. Source assignments for altsyncram:rom_rtl_0|altsyncram_f6d1:auto_generated
 12. Parameter Settings for Inferred Entity Instance: altsyncram:rom_rtl_0
 13. altsyncram Parameter Settings by Entity Instance
 14. Post-Synthesis Netlist Statistics for Top Partition
 15. Elapsed Time Per Partition
 16. Analysis & Synthesis Messages
 17. Analysis & Synthesis Suppressed Messages



----------------
; Legal Notice ;
----------------
Copyright (C) 2017  Intel Corporation. All rights reserved.
Your use of Intel Corporation's design tools, logic functions 
and other software and tools, and its AMPP partner logic 
functions, and any output files from any of the foregoing 
(including device programming or simulation files), and any 
associated documentation or information are expressly subject 
to the terms and conditions of the Intel Program License 
Subscription Agreement, the Intel Quartus Prime License Agreement,
the Intel MegaCore Function License Agreement, or other 
applicable license agreement, including, without limitation, 
that your use is for the sole purpose of programming logic 
devices manufactured by Intel and sold by Intel or its 
authorized distributors.  Please refer to the applicable 
agreement for further details.



+-------------------------------------------------------------------------------+
; Analysis & Synthesis Summary                                                  ;
+---------------------------------+---------------------------------------------+
; Analysis & Synthesis Status     ; Successful - Wed Apr 16 15:47:34 2025       ;
; Quartus Prime Version           ; 17.0.0 Build 595 04/25/2017 SJ Lite Edition ;
; Revision Name                   ; DE1_SoC                                     ;
; Top-level Entity Name           ; sync_rom                                    ;
; Family                          ; Cyclone V                                   ;
; Logic utilization (in ALMs)     ; N/A                                         ;
; Total registers                 ; 0                                           ;
; Total pins                      ; 13                                          ;
; Total virtual pins              ; 0                                           ;
; Total block memory bits         ; 1,024                                       ;
; Total DSP Blocks                ; 0                                           ;
; Total HSSI RX PCSs              ; 0                                           ;
; Total HSSI PMA RX Deserializers ; 0                                           ;
; Total HSSI TX PCSs              ; 0                                           ;
; Total HSSI PMA TX Serializers   ; 0                                           ;
; Total PLLs                      ; 0                                           ;
; Total DLLs                      ; 0                                           ;
+---------------------------------+---------------------------------------------+


+---------------------------------------------------------------------------------------------------------------------------+
; Analysis & Synthesis Settings                                                                                             ;
+---------------------------------------------------------------------------------+--------------------+--------------------+
; Option                                                                          ; Setting            ; Default Value      ;
+---------------------------------------------------------------------------------+--------------------+--------------------+
; Device                                                                          ; 5CSEMA5F31C6       ;                    ;
; Top-level entity name                                                           ; sync_rom           ; DE1_SoC            ;
; Family name                                                                     ; Cyclone V          ; Cyclone V          ;
; State Machine Processing                                                        ; User-Encoded       ; Auto               ;
; Use smart compilation                                                           ; Off                ; Off                ;
; Enable parallel Assembler and TimeQuest Timing Analyzer during compilation      ; On                 ; On                 ;
; Enable compact report table                                                     ; Off                ; Off                ;
; Restructure Multiplexers                                                        ; Auto               ; Auto               ;
; MLAB Add Timing Constraints For Mixed-Port Feed-Through Mode Setting Don't Care ; Off                ; Off                ;
; Create Debugging Nodes for IP Cores                                             ; Off                ; Off                ;
; Preserve fewer node names                                                       ; On                 ; On                 ;
; OpenCore Plus hardware evaluation                                               ; Enable             ; Enable             ;
; Verilog Version                                                                 ; Verilog_2001       ; Verilog_2001       ;
; VHDL Version                                                                    ; VHDL_1993          ; VHDL_1993          ;
; Safe State Machine                                                              ; Off                ; Off                ;
; Extract Verilog State Machines                                                  ; On                 ; On                 ;
; Extract VHDL State Machines                                                     ; On                 ; On                 ;
; Ignore Verilog initial constructs                                               ; Off                ; Off                ;
; Iteration limit for constant Verilog loops                                      ; 5000               ; 5000               ;
; Iteration limit for non-constant Verilog loops                                  ; 250                ; 250                ;
; Add Pass-Through Logic to Inferred RAMs                                         ; On                 ; On                 ;
; Infer RAMs from Raw Logic                                                       ; On                 ; On                 ;
; Parallel Synthesis                                                              ; On                 ; On                 ;
; DSP Block Balancing                                                             ; Auto               ; Auto               ;
; NOT Gate Push-Back                                                              ; On                 ; On                 ;
; Power-Up Don't Care                                                             ; On                 ; On                 ;
; Remove Redundant Logic Cells                                                    ; Off                ; Off                ;
; Remove Duplicate Registers                                                      ; On                 ; On                 ;
; Ignore CARRY Buffers                                                            ; Off                ; Off                ;
; Ignore CASCADE Buffers                                                          ; Off                ; Off                ;
; Ignore GLOBAL Buffers                                                           ; Off                ; Off                ;
; Ignore ROW GLOBAL Buffers                                                       ; Off                ; Off                ;
; Ignore LCELL Buffers                                                            ; Off                ; Off                ;
; Ignore SOFT Buffers                                                             ; On                 ; On                 ;
; Limit AHDL Integers to 32 Bits                                                  ; Off                ; Off                ;
; Optimization Technique                                                          ; Balanced           ; Balanced           ;
; Carry Chain Length                                                              ; 70                 ; 70                 ;
; Auto Carry Chains                                                               ; On                 ; On                 ;
; Auto Open-Drain Pins                                                            ; On                 ; On                 ;
; Perform WYSIWYG Primitive Resynthesis                                           ; Off                ; Off                ;
; Auto ROM Replacement                                                            ; On                 ; On                 ;
; Auto RAM Replacement                                                            ; On                 ; On                 ;
; Auto DSP Block Replacement                                                      ; On                 ; On                 ;
; Auto Shift Register Replacement                                                 ; Auto               ; Auto               ;
; Allow Shift Register Merging across Hierarchies                                 ; Auto               ; Auto               ;
; Auto Clock Enable Replacement                                                   ; On                 ; On                 ;
; Strict RAM Replacement                                                          ; Off                ; Off                ;
; Allow Synchronous Control Signals                                               ; On                 ; On                 ;
; Force Use of Synchronous Clear Signals                                          ; Off                ; Off                ;
; Auto Resource Sharing                                                           ; Off                ; Off                ;
; Allow Any RAM Size For Recognition                                              ; Off                ; Off                ;
; Allow Any ROM Size For Recognition                                              ; Off                ; Off                ;
; Allow Any Shift Register Size For Recognition                                   ; Off                ; Off                ;
; Use LogicLock Constraints during Resource Balancing                             ; On                 ; On                 ;
; Ignore translate_off and synthesis_off directives                               ; Off                ; Off                ;
; Timing-Driven Synthesis                                                         ; On                 ; On                 ;
; Report Parameter Settings                                                       ; On                 ; On                 ;
; Report Source Assignments                                                       ; On                 ; On                 ;
; Report Connectivity Checks                                                      ; On                 ; On                 ;
; Ignore Maximum Fan-Out Assignments                                              ; Off                ; Off                ;
; Synchronization Register Chain Length                                           ; 3                  ; 3                  ;
; PowerPlay Power Optimization During Synthesis                                   ; Normal compilation ; Normal compilation ;
; HDL message level                                                               ; Level2             ; Level2             ;
; Suppress Register Optimization Related Messages                                 ; Off                ; Off                ;
; Number of Removed Registers Reported in Synthesis Report                        ; 5000               ; 5000               ;
; Number of Swept Nodes Reported in Synthesis Report                              ; 5000               ; 5000               ;
; Number of Inverted Registers Reported in Synthesis Report                       ; 100                ; 100                ;
; Clock MUX Protection                                                            ; On                 ; On                 ;
; Auto Gated Clock Conversion                                                     ; Off                ; Off                ;
; Block Design Naming                                                             ; Auto               ; Auto               ;
; SDC constraint protection                                                       ; Off                ; Off                ;
; Synthesis Effort                                                                ; Auto               ; Auto               ;
; Shift Register Replacement - Allow Asynchronous Clear Signal                    ; On                 ; On                 ;
; Pre-Mapping Resynthesis Optimization                                            ; Off                ; Off                ;
; Analysis & Synthesis Message Level                                              ; Medium             ; Medium             ;
; Disable Register Merging Across Hierarchies                                     ; Auto               ; Auto               ;
; Resource Aware Inference For Block RAM                                          ; On                 ; On                 ;
; Automatic Parallel Synthesis                                                    ; On                 ; On                 ;
; Partial Reconfiguration Bitstream ID                                            ; Off                ; Off                ;
+---------------------------------------------------------------------------------+--------------------+--------------------+


+------------------------------------------+
; Parallel Compilation                     ;
+----------------------------+-------------+
; Processors                 ; Number      ;
+----------------------------+-------------+
; Number detected on machine ; 8           ;
; Maximum allowed            ; 4           ;
;                            ;             ;
; Average used               ; 1.00        ;
; Maximum used               ; 1           ;
;                            ;             ;
; Usage by Processor         ; % Time Used ;
;     Processor 1            ; 100.0%      ;
+----------------------------+-------------+


+--------------------------------------------------------------------------------------------------------------------------------------------------------------------------------------------------------------+
; Analysis & Synthesis Source Files Read                                                                                                                                                                       ;
+-------------------------------------------+-----------------+-------------------------------------------------------+------------------------------------------------------------------------------+---------+
; File Name with User-Entered Path          ; Used in Netlist ; File Type                                             ; File Name with Absolute Path                                                 ; Library ;
+-------------------------------------------+-----------------+-------------------------------------------------------+------------------------------------------------------------------------------+---------+
; sync_rom.sv                               ; yes             ; User SystemVerilog HDL File                           ; C:/Users/Egghead/EE371/hw2/sync_rom.sv                                       ;         ;
; truthtable_flat.txt                       ; yes             ; Auto-Found File                                       ; C:/Users/Egghead/EE371/hw2/truthtable_flat.txt                               ;         ;
; altsyncram.tdf                            ; yes             ; Megafunction                                          ; c:/intelfpga_lite/17.0/quartus/libraries/megafunctions/altsyncram.tdf        ;         ;
; stratix_ram_block.inc                     ; yes             ; Megafunction                                          ; c:/intelfpga_lite/17.0/quartus/libraries/megafunctions/stratix_ram_block.inc ;         ;
; lpm_mux.inc                               ; yes             ; Megafunction                                          ; c:/intelfpga_lite/17.0/quartus/libraries/megafunctions/lpm_mux.inc           ;         ;
; lpm_decode.inc                            ; yes             ; Megafunction                                          ; c:/intelfpga_lite/17.0/quartus/libraries/megafunctions/lpm_decode.inc        ;         ;
; aglobal170.inc                            ; yes             ; Megafunction                                          ; c:/intelfpga_lite/17.0/quartus/libraries/megafunctions/aglobal170.inc        ;         ;
; a_rdenreg.inc                             ; yes             ; Megafunction                                          ; c:/intelfpga_lite/17.0/quartus/libraries/megafunctions/a_rdenreg.inc         ;         ;
; altrom.inc                                ; yes             ; Megafunction                                          ; c:/intelfpga_lite/17.0/quartus/libraries/megafunctions/altrom.inc            ;         ;
; altram.inc                                ; yes             ; Megafunction                                          ; c:/intelfpga_lite/17.0/quartus/libraries/megafunctions/altram.inc            ;         ;
; altdpram.inc                              ; yes             ; Megafunction                                          ; c:/intelfpga_lite/17.0/quartus/libraries/megafunctions/altdpram.inc          ;         ;
; db/altsyncram_f6d1.tdf                    ; yes             ; Auto-Generated Megafunction                           ; C:/Users/Egghead/EE371/hw2/db/altsyncram_f6d1.tdf                            ;         ;
; db/DE1_SoC.ram0_sync_rom_f93d234f.hdl.mif ; yes             ; Auto-Generated Auto-Found Memory Initialization File  ; C:/Users/Egghead/EE371/hw2/db/DE1_SoC.ram0_sync_rom_f93d234f.hdl.mif         ;         ;
+-------------------------------------------+-----------------+-------------------------------------------------------+------------------------------------------------------------------------------+---------+


+---------------------------------------------------------+
; Analysis & Synthesis Resource Usage Summary             ;
+---------------------------------------------+-----------+
; Resource                                    ; Usage     ;
+---------------------------------------------+-----------+
; Estimate of Logic utilization (ALMs needed) ; 0         ;
;                                             ;           ;
; Combinational ALUT usage for logic          ; 0         ;
;     -- 7 input functions                    ; 0         ;
;     -- 6 input functions                    ; 0         ;
;     -- 5 input functions                    ; 0         ;
;     -- 4 input functions                    ; 0         ;
;     -- <=3 input functions                  ; 0         ;
;                                             ;           ;
; Dedicated logic registers                   ; 0         ;
;                                             ;           ;
; I/O pins                                    ; 13        ;
; Total MLAB memory bits                      ; 0         ;
; Total block memory bits                     ; 1024      ;
;                                             ;           ;
; Total DSP Blocks                            ; 0         ;
;                                             ;           ;
; Maximum fan-out node                        ; clk~input ;
; Maximum fan-out                             ; 4         ;
; Total fan-out                               ; 53        ;
; Average fan-out                             ; 1.77      ;
+---------------------------------------------+-----------+


+--------------------------------------------------------------------------------------------------------------------------------------------------------------------------------------------------------------------------------------------------+
; Analysis & Synthesis Resource Utilization by Entity                                                                                                                                                                                              ;
+----------------------------------------+---------------------+---------------------------+-------------------+------------+------+--------------+---------------------------------------------------------------+-----------------+--------------+
; Compilation Hierarchy Node             ; Combinational ALUTs ; Dedicated Logic Registers ; Block Memory Bits ; DSP Blocks ; Pins ; Virtual Pins ; Full Hierarchy Name                                           ; Entity Name     ; Library Name ;
+----------------------------------------+---------------------+---------------------------+-------------------+------------+------+--------------+---------------------------------------------------------------+-----------------+--------------+
; |sync_rom                              ; 0 (0)               ; 0 (0)                     ; 1024              ; 0          ; 13   ; 0            ; |sync_rom                                                     ; sync_rom        ; work         ;
;    |altsyncram:rom_rtl_0|              ; 0 (0)               ; 0 (0)                     ; 1024              ; 0          ; 0    ; 0            ; |sync_rom|altsyncram:rom_rtl_0                                ; altsyncram      ; work         ;
;       |altsyncram_f6d1:auto_generated| ; 0 (0)               ; 0 (0)                     ; 1024              ; 0          ; 0    ; 0            ; |sync_rom|altsyncram:rom_rtl_0|altsyncram_f6d1:auto_generated ; altsyncram_f6d1 ; work         ;
+----------------------------------------+---------------------+---------------------------+-------------------+------------+------+--------------+---------------------------------------------------------------+-----------------+--------------+
Note: For table entries with two numbers listed, the numbers in parentheses indicate the number of resources of the given type used by the specific entity alone. The numbers listed outside of parentheses indicate the total resources of the given type used by the specific entity and all of its sub-entities in the hierarchy.


+---------------------------------------------------------------------------------------------------------------------------------------------------------------------------------------------+
; Analysis & Synthesis RAM Summary                                                                                                                                                            ;
+----------------------------------------------------------------+------+------+--------------+--------------+--------------+--------------+------+-------------------------------------------+
; Name                                                           ; Type ; Mode ; Port A Depth ; Port A Width ; Port B Depth ; Port B Width ; Size ; MIF                                       ;
+----------------------------------------------------------------+------+------+--------------+--------------+--------------+--------------+------+-------------------------------------------+
; altsyncram:rom_rtl_0|altsyncram_f6d1:auto_generated|ALTSYNCRAM ; AUTO ; ROM  ; 256          ; 4            ; --           ; --           ; 1024 ; db/DE1_SoC.ram0_sync_rom_f93d234f.hdl.mif ;
+----------------------------------------------------------------+------+------+--------------+--------------+--------------+--------------+------+-------------------------------------------+


+------------------------------------------------------+
; General Register Statistics                          ;
+----------------------------------------------+-------+
; Statistic                                    ; Value ;
+----------------------------------------------+-------+
; Total registers                              ; 0     ;
; Number of registers using Synchronous Clear  ; 0     ;
; Number of registers using Synchronous Load   ; 0     ;
; Number of registers using Asynchronous Clear ; 0     ;
; Number of registers using Asynchronous Load  ; 0     ;
; Number of registers using Clock Enable       ; 0     ;
; Number of registers using Preset             ; 0     ;
+----------------------------------------------+-------+


+----------------------------------------------+
; Registers Packed Into Inferred Megafunctions ;
+---------------+--------------+---------------+
; Register Name ; Megafunction ; Type          ;
+---------------+--------------+---------------+
; data[0]~reg0  ; rom_rtl_0    ; RAM           ;
; data[1]~reg0  ; rom_rtl_0    ; RAM           ;
; data[2]~reg0  ; rom_rtl_0    ; RAM           ;
; data[3]~reg0  ; rom_rtl_0    ; RAM           ;
+---------------+--------------+---------------+


+----------------------------------------------------------------------------+
; Source assignments for altsyncram:rom_rtl_0|altsyncram_f6d1:auto_generated ;
+---------------------------------+--------------------+------+--------------+
; Assignment                      ; Value              ; From ; To           ;
+---------------------------------+--------------------+------+--------------+
; OPTIMIZE_POWER_DURING_SYNTHESIS ; NORMAL_COMPILATION ; -    ; -            ;
+---------------------------------+--------------------+------+--------------+


+-------------------------------------------------------------------------------------------------+
; Parameter Settings for Inferred Entity Instance: altsyncram:rom_rtl_0                           ;
+------------------------------------+-------------------------------------------+----------------+
; Parameter Name                     ; Value                                     ; Type           ;
+------------------------------------+-------------------------------------------+----------------+
; BYTE_SIZE_BLOCK                    ; 8                                         ; Untyped        ;
; AUTO_CARRY_CHAINS                  ; ON                                        ; AUTO_CARRY     ;
; IGNORE_CARRY_BUFFERS               ; OFF                                       ; IGNORE_CARRY   ;
; AUTO_CASCADE_CHAINS                ; ON                                        ; AUTO_CASCADE   ;
; IGNORE_CASCADE_BUFFERS             ; OFF                                       ; IGNORE_CASCADE ;
; WIDTH_BYTEENA                      ; 1                                         ; Untyped        ;
; OPERATION_MODE                     ; ROM                                       ; Untyped        ;
; WIDTH_A                            ; 4                                         ; Untyped        ;
; WIDTHAD_A                          ; 8                                         ; Untyped        ;
; NUMWORDS_A                         ; 256                                       ; Untyped        ;
; OUTDATA_REG_A                      ; UNREGISTERED                              ; Untyped        ;
; ADDRESS_ACLR_A                     ; NONE                                      ; Untyped        ;
; OUTDATA_ACLR_A                     ; NONE                                      ; Untyped        ;
; WRCONTROL_ACLR_A                   ; NONE                                      ; Untyped        ;
; INDATA_ACLR_A                      ; NONE                                      ; Untyped        ;
; BYTEENA_ACLR_A                     ; NONE                                      ; Untyped        ;
; WIDTH_B                            ; 1                                         ; Untyped        ;
; WIDTHAD_B                          ; 1                                         ; Untyped        ;
; NUMWORDS_B                         ; 1                                         ; Untyped        ;
; INDATA_REG_B                       ; CLOCK1                                    ; Untyped        ;
; WRCONTROL_WRADDRESS_REG_B          ; CLOCK1                                    ; Untyped        ;
; RDCONTROL_REG_B                    ; CLOCK1                                    ; Untyped        ;
; ADDRESS_REG_B                      ; CLOCK1                                    ; Untyped        ;
; OUTDATA_REG_B                      ; UNREGISTERED                              ; Untyped        ;
; BYTEENA_REG_B                      ; CLOCK1                                    ; Untyped        ;
; INDATA_ACLR_B                      ; NONE                                      ; Untyped        ;
; WRCONTROL_ACLR_B                   ; NONE                                      ; Untyped        ;
; ADDRESS_ACLR_B                     ; NONE                                      ; Untyped        ;
; OUTDATA_ACLR_B                     ; NONE                                      ; Untyped        ;
; RDCONTROL_ACLR_B                   ; NONE                                      ; Untyped        ;
; BYTEENA_ACLR_B                     ; NONE                                      ; Untyped        ;
; WIDTH_BYTEENA_A                    ; 1                                         ; Untyped        ;
; WIDTH_BYTEENA_B                    ; 1                                         ; Untyped        ;
; RAM_BLOCK_TYPE                     ; AUTO                                      ; Untyped        ;
; BYTE_SIZE                          ; 8                                         ; Untyped        ;
; READ_DURING_WRITE_MODE_MIXED_PORTS ; DONT_CARE                                 ; Untyped        ;
; READ_DURING_WRITE_MODE_PORT_A      ; NEW_DATA_NO_NBE_READ                      ; Untyped        ;
; READ_DURING_WRITE_MODE_PORT_B      ; NEW_DATA_NO_NBE_READ                      ; Untyped        ;
; INIT_FILE                          ; db/DE1_SoC.ram0_sync_rom_f93d234f.hdl.mif ; Untyped        ;
; INIT_FILE_LAYOUT                   ; PORT_A                                    ; Untyped        ;
; MAXIMUM_DEPTH                      ; 0                                         ; Untyped        ;
; CLOCK_ENABLE_INPUT_A               ; NORMAL                                    ; Untyped        ;
; CLOCK_ENABLE_INPUT_B               ; NORMAL                                    ; Untyped        ;
; CLOCK_ENABLE_OUTPUT_A              ; NORMAL                                    ; Untyped        ;
; CLOCK_ENABLE_OUTPUT_B              ; NORMAL                                    ; Untyped        ;
; CLOCK_ENABLE_CORE_A                ; USE_INPUT_CLKEN                           ; Untyped        ;
; CLOCK_ENABLE_CORE_B                ; USE_INPUT_CLKEN                           ; Untyped        ;
; ENABLE_ECC                         ; FALSE                                     ; Untyped        ;
; ECC_PIPELINE_STAGE_ENABLED         ; FALSE                                     ; Untyped        ;
; WIDTH_ECCSTATUS                    ; 3                                         ; Untyped        ;
; DEVICE_FAMILY                      ; Cyclone V                                 ; Untyped        ;
; CBXI_PARAMETER                     ; altsyncram_f6d1                           ; Untyped        ;
+------------------------------------+-------------------------------------------+----------------+
Note: In order to hide this table in the UI and the text report file, please set the "Show Parameter Settings in Synthesis Report" option in "Analysis and Synthesis Settings -> More Settings" to "Off".


+------------------------------------------------------------------+
; altsyncram Parameter Settings by Entity Instance                 ;
+-------------------------------------------+----------------------+
; Name                                      ; Value                ;
+-------------------------------------------+----------------------+
; Number of entity instances                ; 1                    ;
; Entity Instance                           ; altsyncram:rom_rtl_0 ;
;     -- OPERATION_MODE                     ; ROM                  ;
;     -- WIDTH_A                            ; 4                    ;
;     -- NUMWORDS_A                         ; 256                  ;
;     -- OUTDATA_REG_A                      ; UNREGISTERED         ;
;     -- WIDTH_B                            ; 1                    ;
;     -- NUMWORDS_B                         ; 1                    ;
;     -- ADDRESS_REG_B                      ; CLOCK1               ;
;     -- OUTDATA_REG_B                      ; UNREGISTERED         ;
;     -- RAM_BLOCK_TYPE                     ; AUTO                 ;
;     -- READ_DURING_WRITE_MODE_MIXED_PORTS ; DONT_CARE            ;
+-------------------------------------------+----------------------+


+-----------------------------------------------------+
; Post-Synthesis Netlist Statistics for Top Partition ;
+--------------------+--------------------------------+
; Type               ; Count                          ;
+--------------------+--------------------------------+
; boundary_port      ; 13                             ;
; stratixv_ram_block ; 4                              ;
;                    ;                                ;
; Max LUT depth      ; 0.00                           ;
; Average LUT depth  ; 0.00                           ;
+--------------------+--------------------------------+


+-------------------------------+
; Elapsed Time Per Partition    ;
+----------------+--------------+
; Partition Name ; Elapsed Time ;
+----------------+--------------+
; Top            ; 00:00:00     ;
+----------------+--------------+


+-------------------------------+
; Analysis & Synthesis Messages ;
+-------------------------------+
Info: *******************************************************************
Info: Running Quartus Prime Analysis & Synthesis
    Info: Version 17.0.0 Build 595 04/25/2017 SJ Lite Edition
    Info: Processing started: Wed Apr 16 15:47:25 2025
Info: Command: quartus_map --read_settings_files=on --write_settings_files=off DE1_SoC -c DE1_SoC
Info (20030): Parallel compilation is enabled and will use 4 of the 4 processors detected
Info (12021): Found 1 design units, including 1 entities, in source file sign_mag_add.sv
    Info (12023): Found entity 1: sign_mag_add File: C:/Users/Egghead/EE371/hw2/sign_mag_add.sv Line: 3
Info (12021): Found 1 design units, including 1 entities, in source file sync_rom.sv
    Info (12023): Found entity 1: sync_rom File: C:/Users/Egghead/EE371/hw2/sync_rom.sv Line: 7
Info (12021): Found 1 design units, including 1 entities, in source file sign_mag_add_tb.sv
    Info (12023): Found entity 1: sign_mag_add_tb File: C:/Users/Egghead/EE371/hw2/sign_mag_add_tb.sv Line: 5
Info (12127): Elaborating entity "sync_rom" for the top level hierarchy
Info (19000): Inferred 1 megafunctions from design logic
    Info (276029): Inferred altsyncram megafunction from the following design logic: "rom_rtl_0" 
        Info (286033): Parameter OPERATION_MODE set to ROM
        Info (286033): Parameter WIDTH_A set to 4
        Info (286033): Parameter WIDTHAD_A set to 8
        Info (286033): Parameter NUMWORDS_A set to 256
        Info (286033): Parameter OUTDATA_REG_A set to UNREGISTERED
        Info (286033): Parameter ADDRESS_ACLR_A set to NONE
        Info (286033): Parameter OUTDATA_ACLR_A set to NONE
        Info (286033): Parameter INDATA_ACLR_A set to NONE
        Info (286033): Parameter WRCONTROL_ACLR_A set to NONE
        Info (286033): Parameter INIT_FILE set to db/DE1_SoC.ram0_sync_rom_f93d234f.hdl.mif
Info (12130): Elaborated megafunction instantiation "altsyncram:rom_rtl_0"
Info (12133): Instantiated megafunction "altsyncram:rom_rtl_0" with the following parameter:
    Info (12134): Parameter "OPERATION_MODE" = "ROM"
    Info (12134): Parameter "WIDTH_A" = "4"
    Info (12134): Parameter "WIDTHAD_A" = "8"
    Info (12134): Parameter "NUMWORDS_A" = "256"
    Info (12134): Parameter "OUTDATA_REG_A" = "UNREGISTERED"
    Info (12134): Parameter "ADDRESS_ACLR_A" = "NONE"
    Info (12134): Parameter "OUTDATA_ACLR_A" = "NONE"
    Info (12134): Parameter "INDATA_ACLR_A" = "NONE"
    Info (12134): Parameter "WRCONTROL_ACLR_A" = "NONE"
    Info (12134): Parameter "INIT_FILE" = "db/DE1_SoC.ram0_sync_rom_f93d234f.hdl.mif"
Info (12021): Found 1 design units, including 1 entities, in source file db/altsyncram_f6d1.tdf
    Info (12023): Found entity 1: altsyncram_f6d1 File: C:/Users/Egghead/EE371/hw2/db/altsyncram_f6d1.tdf Line: 28
Info (144001): Generated suppressed messages file C:/Users/Egghead/EE371/hw2/output_files/DE1_SoC.map.smsg
Info (16010): Generating hard_block partition "hard_block:auto_generated_inst"
    Info (16011): Adding 0 node(s), including 0 DDIO, 0 PLL, 0 transceiver and 0 LCELL
Info (21057): Implemented 17 device resources after synthesis - the final resource count might be different
    Info (21058): Implemented 9 input pins
    Info (21059): Implemented 4 output pins
    Info (21064): Implemented 4 RAM segments
Info: Quartus Prime Analysis & Synthesis was successful. 0 errors, 0 warnings
    Info: Peak virtual memory: 4806 megabytes
    Info: Processing ended: Wed Apr 16 15:47:34 2025
    Info: Elapsed time: 00:00:09
    Info: Total CPU time (on all processors): 00:00:20


+------------------------------------------+
; Analysis & Synthesis Suppressed Messages ;
+------------------------------------------+
The suppressed messages can be found in C:/Users/Egghead/EE371/hw2/output_files/DE1_SoC.map.smsg.


